[    0.000000] Linux version 4.15.0-143-generic (buildd@lcy01-amd64-001) (gcc version 7.5.0 (Ubuntu 7.5.0-3ubuntu1~18.04)) #147-Ubuntu SMP Wed Apr 14 16:10:11 UTC 2021 (Ubuntu 4.15.0-143.147-generic 4.15.18)
[    0.000000] Command line: BOOT_IMAGE=/boot/vmlinuz-4.15.0-143-generic root=LABEL=cloudimg-rootfs ro console=tty1 console=ttyS0
[    0.000000] KERNEL supported cpus:
[    0.000000]   Intel GenuineIntel
[    0.000000]   AMD AuthenticAMD
[    0.000000]   Centaur CentaurHauls
[    0.000000] x86/fpu: x87 FPU will use FXSAVE
[    0.000000] e820: BIOS-provided physical RAM map:
[    0.000000] BIOS-e820: [mem 0x0000000000000000-0x000000000009fbff] usable
[    0.000000] BIOS-e820: [mem 0x000000000009fc00-0x000000000009ffff] reserved
[    0.000000] BIOS-e820: [mem 0x00000000000f0000-0x00000000000fffff] reserved
[    0.000000] BIOS-e820: [mem 0x0000000000100000-0x000000003ffeffff] usable
[    0.000000] BIOS-e820: [mem 0x000000003fff0000-0x000000003fffffff] ACPI data
[    0.000000] BIOS-e820: [mem 0x00000000fec00000-0x00000000fec00fff] reserved
[    0.000000] BIOS-e820: [mem 0x00000000fee00000-0x00000000fee00fff] reserved
[    0.000000] BIOS-e820: [mem 0x00000000fffc0000-0x00000000ffffffff] reserved
[    0.000000] NX (Execute Disable) protection: active
[    0.000000] SMBIOS 2.5 present.
[    0.000000] DMI: innotek GmbH VirtualBox/VirtualBox, BIOS VirtualBox 12/01/2006
[    0.000000] Hypervisor detected: KVM
[    0.000000] e820: last_pfn = 0x3fff0 max_arch_pfn = 0x400000000
[    0.000000] MTRR: Disabled
[    0.000000] x86/PAT: MTRRs disabled, skipping PAT initialization too.
[    0.000000] CPU MTRRs all blank - virtualized system.
[    0.000000] x86/PAT: Configuration [0-7]: WB  WT  UC- UC  WB  WT  UC- UC  
[    0.000000] found SMP MP-table at [mem 0x0009fff0-0x0009ffff]
[    0.000000] Scanning 1 areas for low memory corruption
[    0.000000] RAMDISK: [mem 0x359d1000-0x36cdffff]
[    0.000000] ACPI: Early table checksum verification disabled
[    0.000000] ACPI: RSDP 0x00000000000E0000 000024 (v02 VBOX  )
[    0.000000] ACPI: XSDT 0x000000003FFF0030 00003C (v01 VBOX   VBOXXSDT 00000001 ASL  00000061)
[    0.000000] ACPI: FACP 0x000000003FFF00F0 0000F4 (v04 VBOX   VBOXFACP 00000001 ASL  00000061)
[    0.000000] ACPI: DSDT 0x000000003FFF0470 002325 (v02 VBOX   VBOXBIOS 00000002 INTL 20100528)
[    0.000000] ACPI: FACS 0x000000003FFF0200 000040
[    0.000000] ACPI: FACS 0x000000003FFF0200 000040
[    0.000000] ACPI: APIC 0x000000003FFF0240 00005C (v02 VBOX   VBOXAPIC 00000001 ASL  00000061)
[    0.000000] ACPI: SSDT 0x000000003FFF02A0 0001CC (v01 VBOX   VBOXCPUT 00000002 INTL 20100528)
[    0.000000] No NUMA configuration found
[    0.000000] Faking a node at [mem 0x0000000000000000-0x000000003ffeffff]
[    0.000000] NODE_DATA(0) allocated [mem 0x3ffc5000-0x3ffeffff]
[    0.000000] kvm-clock: cpu 0, msr 0:3ff44001, primary cpu clock
[    0.000000] kvm-clock: Using msrs 4b564d01 and 4b564d00
[    0.000000] kvm-clock: using sched offset of 15642799152 cycles
[    0.000000] clocksource: kvm-clock: mask: 0xffffffffffffffff max_cycles: 0x1cd42e4dffb, max_idle_ns: 881590591483 ns
[    0.000000] Zone ranges:
[    0.000000]   DMA      [mem 0x0000000000001000-0x0000000000ffffff]
[    0.000000]   DMA32    [mem 0x0000000001000000-0x000000003ffeffff]
[    0.000000]   Normal   empty
[    0.000000]   Device   empty
[    0.000000] Movable zone start for each node
[    0.000000] Early memory node ranges
[    0.000000]   node   0: [mem 0x0000000000001000-0x000000000009efff]
[    0.000000]   node   0: [mem 0x0000000000100000-0x000000003ffeffff]
[    0.000000] Reserved but unavailable: 98 pages
[    0.000000] Initmem setup node 0 [mem 0x0000000000001000-0x000000003ffeffff]
[    0.000000] ACPI: PM-Timer IO Port: 0x4008
[    0.000000] IOAPIC[0]: apic_id 2, version 32, address 0xfec00000, GSI 0-23
[    0.000000] ACPI: INT_SRC_OVR (bus 0 bus_irq 0 global_irq 2 dfl dfl)
[    0.000000] ACPI: INT_SRC_OVR (bus 0 bus_irq 9 global_irq 9 low level)
[    0.000000] Using ACPI (MADT) for SMP configuration information
[    0.000000] smpboot: Allowing 2 CPUs, 0 hotplug CPUs
[    0.000000] PM: Registered nosave memory: [mem 0x00000000-0x00000fff]
[    0.000000] PM: Registered nosave memory: [mem 0x0009f000-0x0009ffff]
[    0.000000] PM: Registered nosave memory: [mem 0x000a0000-0x000effff]
[    0.000000] PM: Registered nosave memory: [mem 0x000f0000-0x000fffff]
[    0.000000] e820: [mem 0x40000000-0xfebfffff] available for PCI devices
[    0.000000] Booting paravirtualized kernel on KVM
[    0.000000] clocksource: refined-jiffies: mask: 0xffffffff max_cycles: 0xffffffff, max_idle_ns: 7645519600211568 ns
[    0.000000] random: get_random_bytes called from start_kernel+0x99/0x500 with crng_init=0
[    0.000000] setup_percpu: NR_CPUS:8192 nr_cpumask_bits:2 nr_cpu_ids:2 nr_node_ids:1
[    0.000000] percpu: Embedded 45 pages/cpu s147456 r8192 d28672 u1048576
[    0.000000] PV qspinlock hash table entries: 256 (order: 0, 4096 bytes)
[    0.000000] Built 1 zonelists, mobility grouping on.  Total pages: 257913
[    0.000000] Policy zone: DMA32
[    0.000000] Kernel command line: BOOT_IMAGE=/boot/vmlinuz-4.15.0-143-generic root=LABEL=cloudimg-rootfs ro console=tty1 console=ttyS0
[    0.000000] Memory: 982724K/1048120K available (12300K kernel code, 2483K rwdata, 4316K rodata, 2444K init, 2724K bss, 65396K reserved, 0K cma-reserved)
[    0.000000] SLUB: HWalign=64, Order=0-3, MinObjects=0, CPUs=2, Nodes=1
[    0.000000] Kernel/User page tables isolation: enabled
[    0.000000] ftrace: allocating 39437 entries in 155 pages
[    0.004000] Hierarchical RCU implementation.
[    0.004000] 	RCU restricting CPUs from NR_CPUS=8192 to nr_cpu_ids=2.
[    0.004000] 	Tasks RCU enabled.
[    0.004000] RCU: Adjusting geometry for rcu_fanout_leaf=16, nr_cpu_ids=2
[    0.004000] NR_IRQS: 524544, nr_irqs: 440, preallocated irqs: 16
[    0.004000] Console: colour VGA+ 80x25
[    0.004000] console [tty1] enabled
[    0.004000] console [ttyS0] enabled
[    0.004000] ACPI: Core revision 20170831
[    0.004000] ACPI: 2 ACPI AML tables successfully acquired and loaded
[    0.004000] APIC: Switch to symmetric I/O mode setup
[    0.004000] ..TIMER: vector=0x30 apic1=0 pin1=2 apic2=-1 pin2=-1
[    0.004007] tsc: Detected 2394.456 MHz processor
[    0.008016] Calibrating delay loop (skipped) preset value.. 4788.91 BogoMIPS (lpj=9577824)
[    0.012005] pid_max: default: 32768 minimum: 301
[    0.016125] Security Framework initialized
[    0.020006] Yama: becoming mindful.
[    0.024160] AppArmor: AppArmor initialized
[    0.041045] Dentry cache hash table entries: 131072 (order: 8, 1048576 bytes)
[    0.051137] Inode-cache hash table entries: 65536 (order: 7, 524288 bytes)
[    0.052120] Mount-cache hash table entries: 2048 (order: 2, 16384 bytes)
[    0.060139] Mountpoint-cache hash table entries: 2048 (order: 2, 16384 bytes)
[    0.065969] Last level iTLB entries: 4KB 1024, 2MB 1024, 4MB 1024
[    0.068005] Last level dTLB entries: 4KB 1024, 2MB 1024, 4MB 1024, 1GB 4
[    0.072007] Spectre V1 : Mitigation: usercopy/swapgs barriers and __user pointer sanitization
[    0.076005] Spectre V2 : Mitigation: Full generic retpoline
[    0.080003] Spectre V2 : Spectre v2 / SpectreRSB mitigation: Filling RSB on context switch
[    0.084004] Speculative Store Bypass: Vulnerable
[    0.088059] MDS: Mitigation: Clear CPU buffers
[    0.092247] Freeing SMP alternatives memory: 36K
[    0.215910] smpboot: CPU0: Intel(R) Core(TM) i5-4210U CPU @ 1.70GHz (family: 0x6, model: 0x45, stepping: 0x1)
[    0.216000] Performance Events: unsupported p6 CPU model 69 no PMU driver, software events only.
[    0.216000] Hierarchical SRCU implementation.
[    0.216000] NMI watchdog: Perf event create on CPU 0 failed with -2
[    0.216000] NMI watchdog: Perf NMI watchdog permanently disabled
[    0.220168] smp: Bringing up secondary CPUs ...
[    0.225816] x86: Booting SMP configuration:
[    0.228009] .... node  #0, CPUs:      #1
[    0.004000] kvm-clock: cpu 1, msr 0:3ff44041, secondary cpu clock
[    0.248000] TSC synchronization [CPU#0 -> CPU#1]:
[    0.248000] Measured 126096 cycles TSC warp between CPUs, turning off TSC clock.
[    0.248000] tsc: Marking TSC unstable due to check_tsc_sync_source failed
[    0.252438] smp: Brought up 1 node, 2 CPUs
[    0.256010] smpboot: Max logical packages: 1
[    0.260007] smpboot: Total of 2 processors activated (9577.82 BogoMIPS)
[    0.272007] devtmpfs: initialized
[    0.276189] x86/mm: Memory block size: 128MB
[    0.280755] evm: security.selinux
[    0.284004] evm: security.SMACK64
[    0.288004] evm: security.SMACK64EXEC
[    0.292004] evm: security.SMACK64TRANSMUTE
[    0.296004] evm: security.SMACK64MMAP
[    0.300003] evm: security.apparmor
[    0.304004] evm: security.ima
[    0.308004] evm: security.capability
[    0.312727] clocksource: jiffies: mask: 0xffffffff max_cycles: 0xffffffff, max_idle_ns: 7645041785100000 ns
[    0.316015] futex hash table entries: 512 (order: 3, 32768 bytes)
[    0.320567] pinctrl core: initialized pinctrl subsystem
[    0.324556] RTC time: 18:54:33, date: 05/13/21
[    0.333213] NET: Registered protocol family 16
[    0.336210] audit: initializing netlink subsys (disabled)
[    0.340353] audit: type=2000 audit(1620932089.590:1): state=initialized audit_enabled=0 res=1
[    0.364353] cpuidle: using governor ladder
[    0.368041] cpuidle: using governor menu
[    0.372079] ACPI: bus type PCI registered
[    0.376010] acpiphp: ACPI Hot Plug PCI Controller Driver version: 0.5
[    0.384800] PCI: Using configuration type 1 for base access
[    0.400510] HugeTLB registered 2.00 MiB page size, pre-allocated 0 pages
[    0.412409] ACPI: Added _OSI(Module Device)
[    0.416006] ACPI: Added _OSI(Processor Device)
[    0.420007] ACPI: Added _OSI(3.0 _SCP Extensions)
[    0.424009] ACPI: Added _OSI(Processor Aggregator Device)
[    0.428007] ACPI: Added _OSI(Linux-Dell-Video)
[    0.432007] ACPI: Added _OSI(Linux-Lenovo-NV-HDMI-Audio)
[    0.436007] ACPI: Added _OSI(Linux-HPI-Hybrid-Graphics)
[    0.441053] ACPI: Executed 1 blocks of module-level executable AML code
[    0.453351] ACPI: Interpreter enabled
[    0.456019] ACPI: (supports S0 S5)
[    0.460006] ACPI: Using IOAPIC for interrupt routing
[    0.464585] PCI: Using host bridge windows from ACPI; if necessary, use "pci=nocrs" and report a bug
[    0.468260] ACPI: Enabled 2 GPEs in block 00 to 07
[    0.485474] ACPI: PCI Root Bridge [PCI0] (domain 0000 [bus 00-ff])
[    0.488018] acpi PNP0A03:00: _OSC: OS supports [ASPM ClockPM Segments MSI]
[    0.493009] acpi PNP0A03:00: _OSC: not requesting OS control; OS requires [ExtendedConfig ASPM ClockPM MSI]
[    0.496018] acpi PNP0A03:00: fail to add MMCONFIG information, can't access extended PCI configuration space under this bridge.
[    0.504492] PCI host bridge to bus 0000:00
[    0.508006] pci_bus 0000:00: root bus resource [io  0x0000-0x0cf7 window]
[    0.512005] pci_bus 0000:00: root bus resource [io  0x0d00-0xffff window]
[    0.516006] pci_bus 0000:00: root bus resource [mem 0x000a0000-0x000bffff window]
[    0.520005] pci_bus 0000:00: root bus resource [mem 0x40000000-0xfdffffff window]
[    0.524005] pci_bus 0000:00: root bus resource [bus 00-ff]
[    0.537694] pci 0000:00:01.1: legacy IDE quirk: reg 0x10: [io  0x01f0-0x01f7]
[    0.540007] pci 0000:00:01.1: legacy IDE quirk: reg 0x14: [io  0x03f6]
[    0.544009] pci 0000:00:01.1: legacy IDE quirk: reg 0x18: [io  0x0170-0x0177]
[    0.548007] pci 0000:00:01.1: legacy IDE quirk: reg 0x1c: [io  0x0376]
[    0.637887] pci 0000:00:07.0: quirk: [io  0x4000-0x403f] claimed by PIIX4 ACPI
[    0.660047] pci 0000:00:07.0: quirk: [io  0x4100-0x410f] claimed by PIIX4 SMB
[    0.700357] ACPI: PCI Interrupt Link [LNKA] (IRQs 5 9 10 *11)
[    0.721314] ACPI: PCI Interrupt Link [LNKB] (IRQs 5 9 *10 11)
[    0.744312] ACPI: PCI Interrupt Link [LNKC] (IRQs 5 *9 10 11)
[    0.764316] ACPI: PCI Interrupt Link [LNKD] (IRQs 5 9 10 *11)
[    0.788997] SCSI subsystem initialized
[    0.804398] pci 0000:00:02.0: vgaarb: setting as boot VGA device
[    0.808000] pci 0000:00:02.0: vgaarb: VGA device added: decodes=io+mem,owns=io+mem,locks=none
[    0.864017] pci 0000:00:02.0: vgaarb: bridge control possible
[    0.884009] vgaarb: loaded
[    0.892194] ACPI: bus type USB registered
[    0.912139] usbcore: registered new interface driver usbfs
[    0.932039] usbcore: registered new interface driver hub
[    0.952031] usbcore: registered new device driver usb
[    0.972276] EDAC MC: Ver: 3.0.0
[    0.992426] PCI: Using ACPI for IRQ routing
[    1.009281] NetLabel: Initializing
[    1.024008] NetLabel:  domain hash size = 128
[    1.040005] NetLabel:  protocols = UNLABELED CIPSOv4 CALIPSO
[    1.060039] NetLabel:  unlabeled traffic allowed by default
[    1.080403] clocksource: Switched to clocksource kvm-clock
[    1.200884] VFS: Disk quotas dquot_6.6.0
[    1.206947] VFS: Dquot-cache hash table entries: 512 (order 0, 4096 bytes)
[    1.218026] AppArmor: AppArmor Filesystem Enabled
[    1.225844] pnp: PnP ACPI init
[    1.232986] pnp: PnP ACPI: found 3 devices
[    1.253927] clocksource: acpi_pm: mask: 0xffffff max_cycles: 0xffffff, max_idle_ns: 2085701024 ns
[    1.266913] NET: Registered protocol family 2
[    1.274740] TCP established hash table entries: 8192 (order: 4, 65536 bytes)
[    1.285821] TCP bind hash table entries: 8192 (order: 5, 131072 bytes)
[    1.296642] TCP: Hash tables configured (established 8192 bind 8192)
[    1.306151] UDP hash table entries: 512 (order: 2, 16384 bytes)
[    1.315244] UDP-Lite hash table entries: 512 (order: 2, 16384 bytes)
[    1.325206] NET: Registered protocol family 1
[    1.331972] pci 0000:00:00.0: Limiting direct PCI/PCI transfers
[    1.341325] pci 0000:00:01.0: Activating ISA DMA hang workarounds
[    1.351005] pci 0000:00:02.0: Video device with shadowed ROM at [mem 0x000c0000-0x000dffff]
[    1.363987] Unpacking initramfs...
[    2.252205] Freeing initrd memory: 19516K
[    2.261509] clocksource: tsc: mask: 0xffffffffffffffff max_cycles: 0x2283c236f90, max_idle_ns: 440795217409 ns
[    2.275997] platform rtc_cmos: registered platform RTC device (no PNP device found)
[    2.288635] Scanning for low memory corruption every 60 seconds
[    2.299959] Initialise system trusted keyrings
[    2.308023] Key type blacklist registered
[    2.315884] workingset: timestamp_bits=36 max_order=18 bucket_order=0
[    2.329840] zbud: loaded
[    2.336023] squashfs: version 4.0 (2009/01/31) Phillip Lougher
[    2.346626] fuse init (API version 7.26)
[    2.382463] Key type asymmetric registered
[    2.388663] Asymmetric key parser 'x509' registered
[    2.395085] Block layer SCSI generic (bsg) driver version 0.4 loaded (major 246)
[    2.406707] io scheduler noop registered
[    2.412690] io scheduler deadline registered
[    2.418388] io scheduler cfq registered (default)
[    2.426271] ACPI: AC Adapter [AC] (on-line)
[    2.432097] input: Power Button as /devices/LNXSYSTM:00/LNXPWRBN:00/input/input0
[    2.444654] ACPI: Power Button [PWRF]
[    2.450036] input: Sleep Button as /devices/LNXSYSTM:00/LNXSLPBN:00/input/input1
[    2.459363] ACPI: Sleep Button [SLPF]
[    2.466923] Serial: 8250/16550 driver, 32 ports, IRQ sharing enabled
[    2.468889] ACPI: Battery Slot [BAT0] (battery present)
[    2.516952] 00:02: ttyS0 at I/O 0x3f8 (irq = 4, base_baud = 115200) is a 16550A
[    2.530122] Linux agpgart interface v0.103
[    2.540797] loop: module loaded
[    2.549234] scsi host0: ata_piix
[    2.555845] scsi host1: ata_piix
[    2.561457] ata1: PATA max UDMA/33 cmd 0x1f0 ctl 0x3f6 bmdma 0xd000 irq 14
[    2.570655] ata2: PATA max UDMA/33 cmd 0x170 ctl 0x376 bmdma 0xd008 irq 15
[    2.581132] libphy: Fixed MDIO Bus: probed
[    2.587158] tun: Universal TUN/TAP device driver, 1.6
[    2.595843] PPP generic driver version 2.4.2
[    2.603447] ehci_hcd: USB 2.0 'Enhanced' Host Controller (EHCI) Driver
[    2.613441] ehci-pci: EHCI PCI platform driver
[    2.620531] ehci-platform: EHCI generic platform driver
[    2.627981] ohci_hcd: USB 1.1 'Open' Host Controller (OHCI) Driver
[    2.637866] ohci-pci: OHCI PCI platform driver
[    2.644659] ohci-platform: OHCI generic platform driver
[    2.652457] uhci_hcd: USB Universal Host Controller Interface driver
[    2.660885] i8042: PNP: PS/2 Controller [PNP0303:PS2K,PNP0f03:PS2M] at 0x60,0x64 irq 1,12
[    2.676100] serio: i8042 KBD port at 0x60,0x64 irq 1
[    2.684861] serio: i8042 AUX port at 0x60,0x64 irq 12
[    2.692770] mousedev: PS/2 mouse device common for all mice
[    2.703835] input: AT Translated Set 2 keyboard as /devices/platform/i8042/serio0/input/input2
[    2.720312] rtc_cmos rtc_cmos: rtc core: registered rtc_cmos as rtc0
[    2.730275] rtc_cmos rtc_cmos: alarms up to one day, 114 bytes nvram
[    2.737584] i2c /dev entries driver
[    2.782189] device-mapper: uevent: version 1.0.3
[    2.821258] device-mapper: ioctl: 4.37.0-ioctl (2017-09-20) initialised: dm-devel@redhat.com
[    2.832420] ledtrig-cpu: registered to indicate activity on CPUs
[    2.845374] NET: Registered protocol family 10
[    2.864699] Segment Routing with IPv6
[    2.869424] NET: Registered protocol family 17
[    2.875770] Key type dns_resolver registered
[    2.883864] mce: Using 0 MCE banks
[    2.889451] RAS: Correctable Errors collector initialized.
[    2.895999] sched_clock: Marking stable (2895925854, 0)->(4292573928, -1396648074)
[    2.916060] registered taskstats version 1
[    2.922627] Loading compiled-in X.509 certificates
[    2.937762] Loaded X.509 cert 'Build time autogenerated kernel key: de118354fe72448b469776565e76ac30c08e8db2'
[    2.952191] Loaded X.509 cert 'Canonical Ltd. Live Patch Signing: 14df34d1a87cf37625abec039ef2bf521249b969'
[    2.966831] Loaded X.509 cert 'Canonical Ltd. Kernel Module Signing: 88f752e560a1e0737e31163a466ad7b70a850c19'
[    2.980617] zswap: loaded using pool lzo/zbud
[    3.004979] Key type big_key registered
[    3.010016] Key type trusted registered
[    3.021170] Key type encrypted registered
[    3.026292] AppArmor: AppArmor sha1 policy hashing enabled
[    3.033240] ima: No TPM chip found, activating TPM-bypass! (rc=-19)
[    3.040924] ima: Allocated hash algorithm: sha1
[    3.047533] evm: HMAC attrs: 0x1
[    3.053375]   Magic number: 5:770:948
[    3.059932] tty tty5: hash matches
[    3.066210] memory memory1: hash matches
[    3.073227] rtc_cmos rtc_cmos: setting system clock to 2021-05-13 18:54:36 UTC (1620932076)
[    3.084803] BIOS EDD facility v0.16 2004-Jun-25, 0 devices found
[    3.093316] EDD information not available.
[    3.104125] Freeing unused kernel image memory: 2444K
[    3.130477] Write protecting the kernel read-only data: 20480k
[    3.139779] Freeing unused kernel image memory: 2008K
[    3.147074] Freeing unused kernel image memory: 1828K
[    3.161805] x86/mm: Checked W+X mappings: passed, no W+X pages found.
[    3.170135] x86/mm: Checking user space page tables
[    3.183494] x86/mm: Checked W+X mappings: passed, no W+X pages found.
Loading, please wait...
starting version 237
[    3.428839] Fusion MPT base driver 3.04.20
[    3.437042] Copyright (c) 1999-2008 LSI Corporation
[    3.460145] e1000: Intel(R) PRO/1000 Network Driver - version 7.3.21-k8-NAPI
[    3.476712] e1000: Copyright (c) 1999-2006 Intel Corporation.
[    3.519549] Fusion MPT SPI Host driver 3.04.20
[    3.826220] input: ImExPS/2 Generic Explorer Mouse as /devices/platform/i8042/serio1/input/input4
[    4.445206] e1000 0000:00:03.0 eth0: (PCI:33MHz:32-bit) 02:67:e8:86:a4:bc
[    4.458378] e1000 0000:00:03.0 eth0: Intel(R) PRO/1000 Network Connection
[    4.477033] e1000 0000:00:03.0 enp0s3: renamed from eth0
[    4.487934] mptbase: ioc0: Initiating bringup
[    4.600108] ioc0: LSI53C1030 A0: Capabilities={Initiator}
[    4.868154] scsi host2: ioc0: LSI53C1030 A0, FwRev=00000000h, Ports=1, MaxQ=256, IRQ=20
[    5.047326] scsi 2:0:0:0: Direct-Access     VBOX     HARDDISK         1.0  PQ: 0 ANSI: 5
[    6.032284] scsi target2:0:0: Beginning Domain Validation
[    6.049701] scsi target2:0:0: Domain Validation skipping write tests
[    6.059019] scsi target2:0:0: Ending Domain Validation
[    6.066747] scsi target2:0:0: asynchronous
[    6.076374] random: fast init done
[    6.082859] scsi 2:0:1:0: Direct-Access     VBOX     HARDDISK         1.0  PQ: 0 ANSI: 5
[    7.395908] scsi target2:0:1: Beginning Domain Validation
[    7.413777] scsi target2:0:1: Domain Validation skipping write tests
[    7.421365] scsi target2:0:1: Ending Domain Validation
[    7.428420] scsi target2:0:1: asynchronous
[    7.449097] random: systemd-udevd: uninitialized urandom read (16 bytes read)
[    7.451459] sd 2:0:0:0: [sda] 83886080 512-byte logical blocks: (42.9 GB/40.0 GiB)
[    7.479210] sd 2:0:0:0: [sda] Write Protect is off
[    7.489120] random: systemd-udevd: uninitialized urandom read (16 bytes read)
[    7.489125] random: systemd-udevd: uninitialized urandom read (16 bytes read)
[    7.489588] sd 2:0:0:0: Attached scsi generic sg0 type 0
[    7.524591] sd 2:0:1:0: Attached scsi generic sg1 type 0
[    7.540856] sd 2:0:0:0: [sda] Incomplete mode parameter data
[    7.541060] sd 2:0:1:0: [sdb] 20480 512-byte logical blocks: (10.5 MB/10.0 MiB)
[    7.567574] sd 2:0:1:0: [sdb] Write Protect is off
[    7.567937] sd 2:0:0:0: [sda] Assuming drive cache: write through
[    7.589787] sd 2:0:1:0: [sdb] Incomplete mode parameter data
[    7.601132] sd 2:0:1:0: [sdb] Assuming drive cache: write through
[    7.640513]  sda: sda1
[    7.650903] sd 2:0:0:0: [sda] Attached SCSI disk
[    7.705997] sd 2:0:1:0: [sdb] Attached SCSI disk
Begin: Loading essential drivers ... [  126.005099] raid6: sse2x1   gen() 20421445 MB/s
[  126.005040] INFO: rcu_sched detected stalls on CPUs/tasks:
[  126.021766] 	1-...!: (7 ticks this GP) idle=2c2/140000000000000/0 softirq=895/895 fqs=3 
[  126.033252] 	(detected by 0, t=28837 jiffies, g=-9, c=-10, q=174)
[  126.056250] Sending NMI from CPU 0 to CPUs 1:
[  136.460421] rcu_sched kthread starved for 28828 jiffies! g18446744073709551607 c18446744073709551606 f0x0 RCU_GP_WAIT_FQS(3) ->state=0x402 ->cpu=0
[  136.477377] rcu_sched       I    0     8      2 0x80000000
[  136.484491] Call Trace:
[  136.488150]  __schedule+0x24e/0x890
[  136.492931]  schedule+0x2c/0x80
[  136.497545]  schedule_timeout+0x15d/0x370
[  136.503406]  ? __next_timer_interrupt+0xe0/0xe0
[  136.509599]  rcu_gp_kthread+0x53a/0x980
[  136.515286]  kthread+0x121/0x140
[  136.519945]  ? rcu_note_context_switch+0x150/0x150
[  136.526807]  ? kthread_create_worker_on_cpu+0x70/0x70
[  136.533783]  ret_from_fork+0x35/0x40
[  136.585359] raid6: sse2x1   xor()  4942 MB/s
[  136.649854] raid6: sse2x2   gen()  9607 MB/s
[  136.714256] raid6: sse2x2   xor()  7874 MB/s
[  255.152077] watchdog: BUG: soft lockup - CPU#0 stuck for 110s! [swapper/0:0]
[  255.153205] raid6: sse2x4   gen() 27627388 MB/s
[  255.162207] Modules linked in: raid6_pq(+) libcrc32c raid1 raid0 multipath linear mptspi scsi_transport_spi mptscsih psmouse mptbase e1000
[  255.184801] CPU: 0 PID: 0 Comm: swapper/0 Not tainted 4.15.0-143-generic #147-Ubuntu
[  255.193915] Hardware name: innotek GmbH VirtualBox/VirtualBox, BIOS VirtualBox 12/01/2006
[  255.203528] RIP: 0010:native_safe_halt+0x12/0x20
[  255.209115] RSP: 0018:ffffffff94403e28 EFLAGS: 00010246 ORIG_RAX: ffffffffffffff11
[  255.217995] RAX: ffffffff939c78a0 RBX: 0000000000000000 RCX: 0000000000000000
[  255.226675] RDX: 0000000000000000 RSI: 0000000000000000 RDI: 0000000000000000
[  255.235040] RBP: ffffffff94403e28 R08: 0000000000000002 R09: 0000000000000002
[  255.243463] R10: 0000000000000000 R11: 0000000000000000 R12: 0000000000000000
[  255.251913] R13: 0000000000000000 R14: 0000000000000000 R15: 0000000000000000
[  255.260220] FS:  0000000000000000(0000) GS:ffff9e767fc00000(0000) knlGS:0000000000000000
[  255.269706] CS:  0010 DS: 0000 ES: 0000 CR0: 0000000080050033
[  255.276559] CR2: 000055d18510d808 CR3: 000000001260a004 CR4: 00000000000206f0
[  255.285440] Call Trace:
[  255.288875]  default_idle+0x20/0x100
[  255.293089]  arch_cpu_idle+0x15/0x20
[  255.297258]  default_idle_call+0x23/0x30
[  255.301785]  do_idle+0x172/0x1f0
[  255.305764]  cpu_startup_entry+0x73/0x80
[  255.310804]  rest_init+0xae/0xb0
[  255.315248]  start_kernel+0x4dc/0x500
[  255.320032]  x86_64_start_reservations+0x24/0x26
[  255.325742]  x86_64_start_kernel+0x74/0x77
[  255.332369]  secondary_startup_64+0xa5/0xb0
[  255.337180] Code: 00 f0 80 48 02 20 48 8b 00 a8 08 0f 84 7b ff ff ff eb bd 90 90 90 90 90 90 55 48 89 e5 e9 07 00 00 00 0f 00 2d 90 21 44 00 fb f4 <5d> c3 66 90 66 2e 0f 1f 84 00 00 00 00 00 55 48 89 e5 e9 07 00 
[  255.416427] raid6: sse2x4   xor()  2459 MB/s
[  255.427892] raid6: using algorithm sse2x4 gen() 27627388 MB/s
[  255.435816] raid6: .... xor() 2459 MB/s, rmw enabled
[  255.443866] raid6: using ssse3x2 recovery algorithm
[  255.455979] xor: measuring software checksum speed
[  255.533670]    prefetch64-sse: 13075.000 MB/sec
[  255.601567]    generic_sse: 18900.000 MB/sec
[  255.615386] xor: using function: generic_sse (18900.000 MB/sec)
[  255.636911] async_tx: api initialized (async)
done.
Begin: Running /scripts/init-premount ... done.
Begin: Mounting root file system ... Begin: Running /scripts/local-top ... done.
Begin: Running /scripts/local-premount ... [  256.062303] Btrfs loaded, crc32c=crc32c-intel
Scanning for Btrfs filesystems
done.
Warning: fsck not present, so skipping root file system
[  257.077309] EXT4-fs (sda1): INFO: recovery required on readonly filesystem
[  257.086194] EXT4-fs (sda1): write access will be enabled during recovery
[  257.498232] EXT4-fs (sda1): recovery complete
[  257.508647] EXT4-fs (sda1): mounted filesystem with ordered data mode. Opts: (null)
done.
Begin: Running /scripts/local-bottom ... done.
Begin: Running /scripts/init-bottom ... done.
[  258.180500] random: crng init done
[  258.187085] random: 7 urandom warning(s) missed due to ratelimiting
[  259.587999] ip_tables: (C) 2000-2006 Netfilter Core Team
[  259.759298] systemd[1]: systemd 237 running in system mode. (+PAM +AUDIT +SELINUX +IMA +APPARMOR +SMACK +SYSVINIT +UTMP +LIBCRYPTSETUP +GCRYPT +GNUTLS +ACL +XZ +LZ4 +SECCOMP +BLKID +ELFUTILS +KMOD -IDN2 +IDN -PCRE2 default-hierarchy=hybrid)
[  259.800990] systemd[1]: Detected virtualization oracle.
[  259.810437] systemd[1]: Detected architecture x86-64.

Welcome to [1mUbuntu 18.04.5 LTS[0m!

[  259.945870] systemd[1]: Set hostname to <ubuntu-bionic>.
[  262.808120] systemd[1]: Started Forward Password Requests to Wall Directory Watch.
[[0;32m  OK  [0m] Started Forward Password Requests to Wall Directory Watch.
[  262.827041] systemd[1]: Reached target System Time Synchronized.
[[0;32m  OK  [0m] Reached target System Time Synchronized.
[  262.860677] systemd[1]: Created slice System Slice.
[[0;32m  OK  [0m] Created slice System Slice.
[  262.870815] systemd[1]: Listening on udev Kernel Socket.
[[0;32m  OK  [0m] Listening on udev Kernel Socket.
[  262.882697] systemd[1]: Listening on Journal Socket (/dev/log).
[[0;32m  OK  [0m] Listening on Journal Socket (/dev/log).
[  262.895682] systemd[1]: Listening on Journal Socket.
[[0;32m  OK  [0m] Listening on Journal Socket.
[[0;32m  OK  [0m] Listening on Device-mapper event daemon FIFOs.
[[0;32m  OK  [0m] Listening on Syslog Socket.
[[0;32m  OK  [0m] Created slice system-serial\x2dgetty.slice.
[[0;32m  OK  [0m] Listening on Journal Audit Socket.
         Starting Journal Service...
[[0;32m  OK  [0m] Created slice User and Session Slice.
[[0;32m  OK  [0m] Reached target Swap.
         Starting Create list of required st…ce nodes for the current kernel...
[[0;32m  OK  [0m] Listening on udev Control Socket.
         Starting udev Coldplug all Devices...
[[0;32m  OK  [0m] Listening on LVM2 metadata daemon socket.
         Starting Monitoring of LVM2 mirrors…ng dmeventd or progress polling...
         Starting Set the console keyboard layout...
[[0;32m  OK  [0m] Listening on LVM2 poll daemon socket.
[[0;32m  OK  [0m] Listening on /dev/initctl Compatibility Named Pipe.
[[0;32m  OK  [0m] Listening on Network Service Netlink Socket.
         Mounting POSIX Message Queue File System...
[[0;32m  OK  [0m] Set up automount Arbitrary Executab…rmats File System Automount Point.
         Mounting Huge Pages File System...
         Starting Uncomplicated firewall...
[[0;32m  OK  [0m] Reached target User and Group Name Lookups.
         Mounting Kernel Debug File System...
         Starting Load Kernel Modules...
[[0;32m  OK  [0m] Reached target Slices.
[[0;32m  OK  [0m] Listening on fsck to fsckd communication Socket.
         Starting File System Check on Root Device...
[[0;32m  OK  [0m] Started Journal Service.
[[0;32m  OK  [0m] Started Create list of required sta…vice nodes for the current kernel.
[[0;32m  OK  [0m] Mounted POSIX Message Queue File System.
[[0;32m  OK  [0m] Mounted Huge Pages File System.
[[0;32m  OK  [0m] Started Uncomplicated firewall.
[[0;32m  OK  [0m] Mounted Kernel Debug File System.
         Starting Create Static Device Nodes in /dev...
[[0;32m  OK  [0m] Started udev Coldplug all Devices.
[[0;32m  OK  [0m] Started File System Check Daemon to report status.
[[0;32m  OK  [0m] Started File System Check on Root Device.
         Starting Remount Root and Kernel File Systems...
[  264.337714] Loading iSCSI transport class v2.0-870.
[[0;32m  OK  [0m] Started Set the console keyboard layout.
[[0;32m  OK  [0m] Started LVM2 metadata daemon.
[  264.545284] iscsi: registered transport (tcp)
[  264.651705] EXT4-fs (sda1): re-mounted. Opts: (null)
[[0;32m  OK  [0m] Started Remount Root and Kernel File Systems.
         Starting Load/Save Random Seed...
         Starting Flush Journal to Persistent Storage...
[[0;32m  OK  [0m] Started Monitoring of LVM2 mirrors,…sing dmeventd or progress polling.
[[0;32m  OK  [0m] Started Create Static Device Nodes in /dev.
[[0;32m  OK  [0m] Started Load/Save Random Seed.
         Starting udev Kernel Device Manager...
[[0;32m  OK  [0m] Reached target Local File Systems (Pre).
         Mounting /vagrant...
[[0;32m  OK  [0m] Reached target Local File Systems.
         Starting AppArmor initialization...
         Starting Tell Plymouth To Write Out Runtime Data...
         Starting ebtables ruleset management...
         Starting Set console font and keymap...
[  265.026346] iscsi: registered transport (iser)
[[0;32m  OK  [0m] Started Load Kernel Modules.
         Mounting FUSE Control File System...
         Mounting Kernel Configuration File System...
         Starting Apply Kernel Variables...
[[0;32m  OK  [0m] Mounted FUSE Control File System.
[[0;32m  OK  [0m] Mounted Kernel Configuration File System.
[  265.125117] systemd-journald[379]: Received request to flush runtime journal from PID 1
[[0;32m  OK  [0m] Started Tell Plymouth To Write Out Runtime Data.
[[0;32m  OK  [0m] Started Set console font and keymap.
[[0;32m  OK  [0m] Mounted /vagrant.
[[0;32m  OK  [0m] Started Apply Kernel Variables.
[[0;32m  OK  [0m] Started udev Kernel Device Manager.
[[0;32m  OK  [0m] Started Dispatch Password Requests to Console Directory Watch.
[[0;32m  OK  [0m] Reached target Local Encrypted Volumes.
[[0;32m  OK  [0m] Started ebtables ruleset management.
[[0;32m  OK  [0m] Started Flush Journal to Persistent Storage.
         Starting Create Volatile Files and Directories...
[[0;32m  OK  [0m] Started Create Volatile Files and Directories.
         Starting Update UTMP about System Boot/Shutdown...
[[0;32m  OK  [0m] Found device /dev/ttyS0.
[[0;32m  OK  [0m] Started Update UTMP about System Boot/Shutdown.
[[0;32m  OK  [0m] Listening on Load/Save RF Kill Switch Status /dev/rfkill Watch.
[[0;32m  OK  [0m] Started AppArmor initialization.
         Starting Initial cloud-init job (pre-networking)...
         Starting Load AppArmor profiles managed internally by snapd...
[[0;32m  OK  [0m] Started Load AppArmor profiles managed internally by snapd.
[  281.756257] cloud-init[532]: Cloud-init v. 21.1-19-gbad84ad4-0ubuntu1~18.04.2 running 'init-local' at Thu, 13 May 2021 18:59:14 +0000. Up 281.13 seconds.
[[0;32m  OK  [0m] Started Initial cloud-init job (pre-networking).
[[0;32m  OK  [0m] Reached target Network (Pre).
         Starting Network Service...
[[0;32m  OK  [0m] Started Network Service.
         Starting Wait for Network to be Configured...
         Starting Network Name Resolution...
[[0;32m  OK  [0m] Started Network Name Resolution.
[[0;32m  OK  [0m] Reached target Network.
[[0;32m  OK  [0m] Reached target Host and Network Name Lookups.
[[0;32m  OK  [0m] Started Wait for Network to be Configured.
         Starting Initial cloud-init job (metadata service crawler)...
[  284.580900] cloud-init[657]: Cloud-init v. 21.1-19-gbad84ad4-0ubuntu1~18.04.2 running 'init' at Thu, 13 May 2021 18:59:17 +0000. Up 284.15 seconds.
[  284.592804] cloud-init[657]: ci-info: ++++++++++++++++++++++++++++++++++++++Net device info++++++++++++++++++++++++++++++++++++++
[  284.602983] cloud-init[657]: ci-info: +--------+------+----------------------------+---------------+--------+-------------------+
[  284.611787] cloud-init[657]: ci-info: | Device |  Up  |          Address           |      Mask     | Scope  |     Hw-Address    |
[  284.621831] cloud-init[657]: ci-info: +--------+------+----------------------------+---------------+--------+-------------------+
[  284.630955] cloud-init[657]: ci-info: | enp0s3 | True |         10.0.2.15          | 255.255.255.0 | global | 02:67:e8:86:a4:bc |
[  284.643531] cloud-init[657]: ci-info: | enp0s3 | True | fe80::67:e8ff:fe86:a4bc/64 |       .       |  link  | 02:67:e8:86:a4:bc |
[  284.653168] cloud-init[657]: ci-info: |   lo   | True |         127.0.0.1          |   255.0.0.0   |  host  |         .         |
[  284.662875] cloud-init[657]: ci-info: |   lo   | True |          ::1/128           |       .       |  host  |         .         |
[  284.673343] cloud-init[657]: ci-info: +--------+------+----------------------------+---------------+--------+-------------------+
[  284.683037] cloud-init[657]: ci-info: ++++++++++++++++++++++++++++Route IPv4 info+++++++++++++++++++++++++++++
[  284.691320] cloud-init[657]: ci-info: +-------+-------------+----------+-----------------+-----------+-------+
[  284.699713] cloud-init[657]: ci-info: | Route | Destination | Gateway  |     Genmask     | Interface | Flags |
[  284.708053] cloud-init[657]: ci-info: +-------+-------------+----------+-----------------+-----------+-------+
[  284.715700] cloud-init[657]: ci-info: |   0   |   0.0.0.0   | 10.0.2.2 |     0.0.0.0     |   enp0s3  |   UG  |
[  284.723736] cloud-init[657]: ci-info: |   1   |   10.0.2.0  | 0.0.0.0  |  255.255.255.0  |   enp0s3  |   U   |
[  284.731750] cloud-init[657]: ci-info: |   2   |   10.0.2.2  | 0.0.0.0  | 255.255.255.255 |   enp0s3  |   UH  |
[  284.739359] cloud-init[657]: ci-info: +-------+-------------+----------+-----------------+-----------+-------+
[  284.747317] cloud-init[657]: ci-info: +++++++++++++++++++Route IPv6 info+++++++++++++++++++
[  284.753273] cloud-init[657]: ci-info: +-------+-------------+---------+-----------+-------+
[  284.760664] cloud-init[657]: ci-info: | Route | Destination | Gateway | Interface | Flags |
[  284.767931] cloud-init[657]: ci-info: +-------+-------------+---------+-----------+-------+
[  284.775198] cloud-init[657]: ci-info: |   1   |  fe80::/64  |    ::   |   enp0s3  |   U   |
[  284.782296] cloud-init[657]: ci-info: |   3   |    local    |    ::   |   enp0s3  |   U   |
[  284.789139] cloud-init[657]: ci-info: |   4   |   ff00::/8  |    ::   |   enp0s3  |   U   |
[  284.795557] cloud-init[657]: ci-info: +-------+-------------+---------+-----------+-------+
[[0;32m  OK  [0m] Started Initial cloud-init job (metadata service crawler).
[[0;32m  OK  [0m] Reached target Cloud-config availability.
[[0;32m  OK  [0m] Reached target Network is Online.
[[0;32m  OK  [0m] Reached target Remote File Systems (Pre).
[[0;32m  OK  [0m] Reached target Remote File Systems.
         Starting Availability of block devices...
[[0;32m  OK  [0m] Reached target System Initialization.
[[0;32m  OK  [0m] Listening on D-Bus System Message Bus Socket.
[[0;32m  OK  [0m] Started Message of the Day.
[[0;32m  OK  [0m] Listening on ACPID Listen Socket.
[[0;32m  OK  [0m] Started ACPI Events Check.
[[0;32m  OK  [0m] Reached target Paths.
[[0;32m  OK  [0m] Listening on Open-iSCSI iscsid Socket.
         Starting LXD - unix socket.
[[0;32m  OK  [0m] Listening on UUID daemon activation socket.
[[0;32m  OK  [0m] Started Daily Cleanup of Temporary Directories.
[[0;32m  OK  [0m] Started Daily apt download activities.
[[0;32m  OK  [0m] Started Daily apt upgrade and clean activities.
[[0;32m  OK  [0m] Started Discard unused blocks once a week.
[[0;32m  OK  [0m] Reached target Timers.
         Starting Socket activation for snappy daemon.
[[0;32m  OK  [0m] Started Availability of block devices.
[[0;32m  OK  [0m] Listening on LXD - unix socket.
[[0;32m  OK  [0m] Listening on Socket activation for snappy daemon.
[[0;32m  OK  [0m] Reached target Sockets.
[[0;32m  OK  [0m] Reached target Basic System.
         Starting Dispatcher daemon for systemd-networkd...
         Starting Permit User Sessions...
[[0;32m  OK  [0m] Started D-Bus System Message Bus.
         Starting Snap Daemon...
[[0;32m  OK  [0m] Started Regular background program processing daemon.
         Starting Virtualbox guest utils...
         Starting LSB: Record successful boot for GRUB...
         Starting System Logging Service...
         Starting A high performance web server and a reverse proxy server...
         Starting Accounts Service...
         Starting OpenBSD Secure Shell server...
[[0;32m  OK  [0m] Started FUSE filesystem for LXC.
         Starting LXD - container startup/shutdown...
         Starting LSB: automatic crash report generation...
[[0;32m  OK  [0m] Started irqbalance daemon.
         Starting Login Service...
[[0;32m  OK  [0m] Started Deferred execution scheduler.
[[0;32m  OK  [0m] Started Permit User Sessions.
         Starting Hold until boot process finishes up...
         Starting Terminate Plymouth Boot Screen...
[[0;32m  OK  [0m] Started Hold until boot process finishes up.
[[0;32m  OK  [0m] Started Serial Getty on ttyS0.
         Starting Set console scheme...
[[0;32m  OK  [0m] Started Terminate Plymouth Boot Screen.
[[0;32m  OK  [0m] Started System Logging Service.
[[0;32m  OK  [0m] Started Set console scheme.
[[0;32m  OK  [0m] Created slice system-getty.slice.
[[0;32m  OK  [0m] Started Getty on tty1.
[[0;32m  OK  [0m] Reached target Login Prompts.
[[0;32m  OK  [0m] Started Login Service.
[[0;32m  OK  [0m] Started Unattended Upgrades Shutdown.
[[0;32m  OK  [0m] Started LSB: automatic crash report generation.
         Starting Authorization Manager...
[[0;32m  OK  [0m] Started LSB: Record successful boot for GRUB.
[[0;32m  OK  [0m] Started Authorization Manager.
[[0;32m  OK  [0m] Started Accounts Service.
[[0;32m  OK  [0m] Started Virtualbox guest utils.
[[0;32m  OK  [0m] Started OpenBSD Secure Shell server.

Ubuntu 18.04.5 LTS ubuntu-bionic ttyS0

ubuntu-bionic login: [  296.468273] cloud-init[1145]: Cloud-init v. 21.1-19-gbad84ad4-0ubuntu1~18.04.2 running 'modules:config' at Thu, 13 May 2021 18:59:29 +0000. Up 296.19 seconds.
[  297.475481] cloud-init[1181]: Cloud-init v. 21.1-19-gbad84ad4-0ubuntu1~18.04.2 running 'modules:final' at Thu, 13 May 2021 18:59:30 +0000. Up 297.24 seconds.
[  297.475729] cloud-init[1181]: Cloud-init v. 21.1-19-gbad84ad4-0ubuntu1~18.04.2 finished at Thu, 13 May 2021 18:59:30 +0000. Datasource DataSourceNoCloud [seed=/dev/sdb][dsmode=net].  Up 297.46 seconds
